2025-11-03 17:06:54, MOVE, v:1, k:poo@array, mode:DOWN
2025-11-03 17:07:06, MOVE, v:1, k:poo@lapiseira, mode:DOWN
2025-11-03 17:07:54, MOVE, v:1, k:poo@array, mode:PICK
2025-11-03 17:18:29, MOVE, v:1, k:poo@array, mode:BACK
2025-11-03 17:18:44, MOVE, v:1, k:poo@array, mode:PICK
2025-11-03 17:18:45, EXEC, v:1, k:poo@array, mode:LOCK, rate:100, size:0
2025-11-03 17:18:47, MOVE, v:1, k:poo@array, mode:BACK
2025-11-03 17:57:10, MOVE, v:1, k:poo@array, mode:PICK
2025-11-03 17:57:11, EXEC, v:1, k:poo@array, mode:LOCK, rate:0, size:9
2025-11-03 17:58:04, MOVE, v:1, k:poo@array, mode:PICK
2025-11-03 17:58:06, EXEC, v:1, k:poo@array, mode:LOCK, rate:0, size:9
2025-11-03 17:59:14, MOVE, v:1, k:poo@array, mode:PICK
2025-11-03 17:59:15, EXEC, v:1, k:poo@array, mode:LOCK, rate:0, size:9
2025-11-03 18:01:06, EXEC, v:1, k:poo@array, mode:LOCK, rate:0, size:9
2025-11-03 18:01:41, EXEC, v:1, k:poo@array, mode:LOCK, rate:0, size:9
2025-11-03 18:01:59, EXEC, v:1, k:poo@array, mode:LOCK, rate:0, size:10
2025-11-03 18:02:09, EXEC, v:1, k:poo@array, mode:LOCK, rate:0
2025-11-03 18:02:33, EXEC, v:1, k:poo@array, mode:LOCK, rate:0, size:9
2025-11-03 18:03:22, EXEC, v:1, k:poo@array, mode:LOCK, rate:0, size:9
2025-11-03 18:05:15, EXEC, v:1, k:poo@array, mode:LOCK, rate:0, size:13
2025-11-03 18:05:30, EXEC, v:1, k:poo@array, mode:LOCK, rate:0, size:13
