2025-11-10 02:17:16, MOVE, v:1, k:poo@budega, mode:PICK
2025-11-10 02:17:17, EXEC, v:1, k:poo@budega, mode:FULL, rate:10, size:83
2025-11-10 02:18:27, EXEC, v:1, k:poo@budega, mode:FULL, rate:0, size:83
2025-11-10 02:18:46, EXEC, v:1, k:poo@budega, mode:FULL, rate:10, size:83
2025-11-10 02:22:47, EXEC, v:1, k:poo@budega, mode:FULL, rate:0, size:83
2025-11-10 02:24:25, EXEC, v:1, k:poo@budega, mode:FULL, rate:0, size:86
2025-11-10 02:24:29, MOVE, v:1, k:poo@budega, mode:BACK
2025-11-10 02:27:23, MOVE, v:1, k:poo@budega, mode:PICK
2025-11-10 02:27:26, EXEC, v:1, k:poo@budega, mode:FULL, rate:0, size:94
2025-11-10 02:27:29, MOVE, v:1, k:poo@budega, mode:BACK
2025-11-10 02:31:20, MOVE, v:1, k:poo@budega, mode:PICK
2025-11-10 02:31:20, EXEC, v:1, k:poo@budega, mode:FULL, rate:0, size:87
2025-11-10 02:34:26, EXEC, v:1, k:poo@budega, mode:FULL, rate:0, size:91
2025-11-10 02:34:27, EXEC, v:1, k:poo@budega, mode:FULL, rate:0
2025-11-10 02:35:33, MOVE, v:1, k:poo@budega, mode:BACK
2025-11-10 02:36:19, MOVE, v:1, k:poo@budega, mode:PICK
2025-11-10 02:36:20, EXEC, v:1, k:poo@budega, mode:FULL, rate:100, size:70
2025-11-10 02:36:32, MOVE, v:1, k:poo@budega, mode:BACK
2025-11-10 02:37:20, SELF, v:1, k:poo@budega, rate:100, iagen:gpt_tirar_duvidas, guide:aula, other:foruns, alone:6, study:100
2025-11-10 02:37:51, MOVE, v:1, k:poo@lapiseira, mode:PICK
2025-11-10 02:37:53, EXEC, v:1, k:poo@lapiseira, mode:FULL, rate:0, size:0
2025-11-10 02:37:56, MOVE, v:1, k:poo@lapiseira, mode:BACK
2025-11-10 14:52:47, MOVE, v:1, k:poo@lapiseira, mode:PICK
2025-11-10 14:52:48, EXEC, v:1, k:poo@lapiseira, mode:FULL, rate:0, size:11
2025-11-10 14:52:51, MOVE, v:1, k:poo@lapiseira, mode:BACK
2025-11-10 14:54:07, MOVE, v:1, k:poo@lapiseira, mode:PICK
2025-11-10 14:54:08, EXEC, v:1, k:poo@lapiseira, mode:FULL, rate:0, size:14
2025-11-10 14:54:09, MOVE, v:1, k:poo@lapiseira, mode:BACK
2025-11-10 14:58:54, MOVE, v:1, k:poo@lapiseira, mode:PICK
2025-11-10 14:58:55, EXEC, v:1, k:poo@lapiseira, mode:FULL, rate:0, size:17
2025-11-10 14:58:57, MOVE, v:1, k:poo@lapiseira, mode:BACK
2025-11-10 14:59:25, MOVE, v:1, k:poo@lapiseira, mode:PICK
2025-11-10 14:59:26, EXEC, v:1, k:poo@lapiseira, mode:FULL, rate:0, size:17
2025-11-10 14:59:27, MOVE, v:1, k:poo@lapiseira, mode:BACK
2025-11-10 15:00:31, MOVE, v:1, k:poo@lapiseira, mode:PICK
2025-11-10 15:00:32, EXEC, v:1, k:poo@lapiseira, mode:FULL, rate:0, size:20
2025-11-10 15:00:33, MOVE, v:1, k:poo@lapiseira, mode:BACK
2025-11-10 15:01:56, MOVE, v:1, k:poo@lapiseira, mode:PICK
2025-11-10 15:01:57, EXEC, v:1, k:poo@lapiseira, mode:FULL, rate:0, size:22
2025-11-10 15:02:01, MOVE, v:1, k:poo@lapiseira, mode:BACK
2025-11-10 15:02:52, MOVE, v:1, k:poo@lapiseira, mode:PICK
2025-11-10 15:02:53, EXEC, v:1, k:poo@lapiseira, mode:FULL, rate:0, size:23
2025-11-10 15:02:56, MOVE, v:1, k:poo@lapiseira, mode:BACK
2025-11-10 15:05:20, MOVE, v:1, k:poo@lapiseira, mode:PICK
2025-11-10 15:05:21, EXEC, v:1, k:poo@lapiseira, mode:FULL, rate:0, size:29
2025-11-10 15:05:21, EXEC, v:1, k:poo@lapiseira, mode:FULL, rate:0, size:29
2025-11-10 15:05:28, MOVE, v:1, k:poo@lapiseira, mode:BACK
2025-11-10 15:10:05, MOVE, v:1, k:poo@lapiseira, mode:PICK
2025-11-10 15:10:06, EXEC, v:1, k:poo@lapiseira, mode:FREE, size:33
2025-11-10 15:10:28, MOVE, v:1, k:poo@lapiseira, mode:BACK
2025-11-10 15:11:52, MOVE, v:1, k:poo@lapiseira, mode:PICK
2025-11-10 15:11:52, EXEC, v:1, k:poo@lapiseira, mode:FULL, rate:0, size:32
2025-11-10 15:11:54, EXEC, v:1, k:poo@lapiseira, mode:FULL, rate:0
2025-11-10 15:11:55, MOVE, v:1, k:poo@lapiseira, mode:BACK
2025-11-10 15:12:51, MOVE, v:1, k:poo@lapiseira, mode:PICK
2025-11-10 15:12:52, EXEC, v:1, k:poo@lapiseira, mode:FULL, rate:0, size:30
2025-11-10 15:12:54, MOVE, v:1, k:poo@lapiseira, mode:BACK
2025-11-10 15:16:04, MOVE, v:1, k:poo@lapiseira, mode:PICK
2025-11-10 15:16:05, EXEC, v:1, k:poo@lapiseira, mode:FULL, rate:0, size:37
2025-11-10 15:16:06, MOVE, v:1, k:poo@lapiseira, mode:BACK
2025-11-10 19:48:56, MOVE, v:1, k:poo@lapiseira, mode:PICK
2025-11-10 19:48:56, EXEC, v:1, k:poo@lapiseira, mode:FULL, rate:0
2025-11-10 19:49:01, MOVE, v:1, k:poo@lapiseira, mode:BACK
2025-11-10 19:52:24, MOVE, v:1, k:poo@lapiseira, mode:PICK
2025-11-10 19:52:25, EXEC, v:1, k:poo@lapiseira, mode:FULL, rate:0, size:42
2025-11-10 19:52:28, MOVE, v:1, k:poo@lapiseira, mode:BACK
2025-11-10 19:53:29, MOVE, v:1, k:poo@lapiseira, mode:PICK
2025-11-10 19:53:30, EXEC, v:1, k:poo@lapiseira, mode:FULL, rate:0, size:45
2025-11-10 19:53:35, MOVE, v:1, k:poo@lapiseira, mode:BACK
2025-11-10 19:54:03, MOVE, v:1, k:poo@lapiseira, mode:PICK
2025-11-10 19:54:04, EXEC, v:1, k:poo@lapiseira, mode:FULL, rate:0
2025-11-10 19:54:06, MOVE, v:1, k:poo@lapiseira, mode:BACK
2025-11-10 19:56:56, MOVE, v:1, k:poo@lapiseira, mode:PICK
2025-11-10 19:56:57, EXEC, v:1, k:poo@lapiseira, mode:FULL, rate:0, size:50
2025-11-10 19:56:59, MOVE, v:1, k:poo@lapiseira, mode:BACK
2025-11-10 19:58:50, MOVE, v:1, k:poo@lapiseira, mode:PICK
2025-11-10 19:58:52, EXEC, v:1, k:poo@lapiseira, mode:FULL, rate:0, size:52
2025-11-10 19:58:53, MOVE, v:1, k:poo@lapiseira, mode:BACK
2025-11-10 20:02:53, MOVE, v:1, k:poo@budega, mode:PICK
2025-11-10 20:02:54, EXEC, v:1, k:poo@budega, mode:FULL, rate:100, size:69
2025-11-10 20:02:58, MOVE, v:1, k:poo@budega, mode:BACK
2025-11-10 20:05:54, MOVE, v:1, k:poo@lapiseira, mode:PICK
2025-11-10 20:05:55, EXEC, v:1, k:poo@lapiseira, mode:FULL, rate:0, size:59
2025-11-10 20:05:57, MOVE, v:1, k:poo@lapiseira, mode:BACK
2025-11-10 20:09:45, MOVE, v:1, k:poo@lapiseira, mode:PICK
2025-11-10 20:09:46, EXEC, v:1, k:poo@lapiseira, mode:FULL, rate:0, size:65
2025-11-10 20:09:47, MOVE, v:1, k:poo@lapiseira, mode:BACK
2025-11-10 20:13:48, MOVE, v:1, k:poo@lapiseira, mode:PICK
2025-11-10 20:13:49, EXEC, v:1, k:poo@lapiseira, mode:FULL, rate:0, size:67
2025-11-10 20:14:07, EXEC, v:1, k:poo@lapiseira, mode:FULL, rate:0, size:67
2025-11-10 20:14:12, MOVE, v:1, k:poo@lapiseira, mode:BACK
