2026-01-13 11:10:30, MOVE, v:1, k:poo@cofre, mode:DOWN
2026-01-13 11:10:32, MOVE, v:1, k:poo@cofre, mode:PICK
2026-01-13 11:10:34, EXEC, v:1, k:poo@cofre, mode:FULL, rate:0, size:0
2026-01-13 11:10:36, MOVE, v:1, k:poo@cofre, mode:BACK
2026-01-13 14:05:11, MOVE, v:1, k:poo@cofre, mode:PICK
2026-01-13 14:05:13, EXEC, v:1, k:poo@cofre, mode:FULL, rate:0, size:1
2026-01-13 14:05:14, MOVE, v:1, k:poo@cofre, mode:BACK
2026-01-13 14:05:43, MOVE, v:1, k:poo@cofre, mode:PICK
2026-01-13 14:05:46, MOVE, v:1, k:poo@cofre, mode:BACK
2026-01-13 14:12:40, MOVE, v:1, k:poo@cofre, mode:PICK
2026-01-13 14:12:40, EXEC, v:1, k:poo@cofre, mode:FULL, rate:0, size:15
2026-01-13 14:12:41, MOVE, v:1, k:poo@cofre, mode:BACK
2026-01-13 14:15:50, MOVE, v:1, k:poo@cofre, mode:PICK
2026-01-13 14:15:51, EXEC, v:1, k:poo@cofre, mode:FULL, rate:0, size:25
2026-01-13 14:15:55, MOVE, v:1, k:poo@cofre, mode:BACK
2026-01-13 14:40:56, MOVE, v:1, k:poo@cofre, mode:PICK
2026-01-13 14:40:56, EXEC, v:1, k:poo@cofre, mode:FULL, rate:0, size:29
2026-01-13 14:40:57, MOVE, v:1, k:poo@cofre, mode:BACK
2026-01-13 14:45:53, MOVE, v:1, k:poo@cofre, mode:PICK
2026-01-13 14:45:53, EXEC, v:1, k:poo@cofre, mode:FULL, rate:0, size:53
2026-01-13 14:45:57, MOVE, v:1, k:poo@cofre, mode:BACK
2026-01-13 14:46:41, MOVE, v:1, k:poo@cofre, mode:PICK
2026-01-13 14:46:41, EXEC, v:1, k:poo@cofre, mode:FULL, rate:0, size:77
2026-01-13 14:46:43, MOVE, v:1, k:poo@cofre, mode:BACK
2026-01-13 14:53:20, MOVE, v:1, k:poo@cofre, mode:PICK
2026-01-13 14:53:21, EXEC, v:1, k:poo@cofre, mode:FULL, rate:0, size:80
2026-01-13 14:53:22, MOVE, v:1, k:poo@cofre, mode:BACK
2026-01-13 14:54:47, MOVE, v:1, k:poo@cofre, mode:PICK
2026-01-13 14:54:47, EXEC, v:1, k:poo@cofre, mode:FULL, rate:0
2026-01-13 14:54:48, MOVE, v:1, k:poo@cofre, mode:BACK
2026-01-13 14:57:20, MOVE, v:1, k:poo@cofre, mode:PICK
2026-01-13 14:57:20, EXEC, v:1, k:poo@cofre, mode:FULL, rate:0, size:81
2026-01-13 14:57:22, MOVE, v:1, k:poo@cofre, mode:BACK
2026-01-13 14:59:58, MOVE, v:1, k:poo@cofre, mode:PICK
2026-01-13 14:59:59, EXEC, v:1, k:poo@cofre, mode:FULL, rate:0, size:88
2026-01-13 15:00:01, MOVE, v:1, k:poo@cofre, mode:BACK
2026-01-13 15:05:26, MOVE, v:1, k:poo@cofre, mode:PICK
2026-01-13 15:05:27, EXEC, v:1, k:poo@cofre, mode:FULL, rate:0, size:98
2026-01-13 15:05:28, MOVE, v:1, k:poo@cofre, mode:BACK
2026-01-13 15:14:07, MOVE, v:1, k:poo@cofre, mode:PICK
2026-01-13 15:14:08, EXEC, v:1, k:poo@cofre, mode:FULL, rate:0, size:101
2026-01-13 15:14:10, MOVE, v:1, k:poo@cofre, mode:BACK
2026-01-13 15:18:30, MOVE, v:1, k:poo@cofre, mode:PICK
2026-01-13 15:18:31, EXEC, v:1, k:poo@cofre, mode:FULL, rate:0, size:112
2026-01-13 15:18:33, MOVE, v:1, k:poo@cofre, mode:BACK
2026-01-13 15:26:05, MOVE, v:1, k:poo@cofre, mode:PICK
2026-01-13 15:26:06, EXEC, v:1, k:poo@cofre, mode:FULL, rate:0, size:137
2026-01-13 15:26:10, MOVE, v:1, k:poo@cofre, mode:BACK
2026-01-13 15:29:23, MOVE, v:1, k:poo@cofre, mode:PICK
2026-01-13 15:29:24, EXEC, v:1, k:poo@cofre, mode:FULL, rate:0, size:151
2026-01-13 15:29:25, MOVE, v:1, k:poo@cofre, mode:BACK
2026-01-13 16:14:50, MOVE, v:1, k:poo@cofre, mode:PICK
2026-01-13 16:14:51, EXEC, v:1, k:poo@cofre, mode:LOCK, rate:0, size:153
2026-01-13 16:14:52, MOVE, v:1, k:poo@cofre, mode:BACK
2026-01-13 16:17:26, MOVE, v:1, k:poo@cofre, mode:PICK
2026-01-13 16:17:27, EXEC, v:1, k:poo@cofre, mode:FULL, rate:0
2026-01-13 16:17:29, MOVE, v:1, k:poo@cofre, mode:BACK
2026-01-13 16:28:22, MOVE, v:1, k:poo@cofre, mode:PICK
2026-01-13 16:28:22, EXEC, v:1, k:poo@cofre, mode:FULL, rate:0, size:180
2026-01-13 16:37:02, EXEC, v:1, k:poo@cofre, mode:FULL, rate:0, size:200
2026-01-13 16:45:50, EXEC, v:1, k:poo@cofre, mode:FULL, rate:10, size:201
2026-01-13 16:46:16, MOVE, v:1, k:poo@cofre, mode:BACK
2026-01-13 16:46:23, MOVE, v:1, k:poo@cofre, mode:PICK
2026-01-13 16:46:23, EXEC, v:1, k:poo@cofre, mode:FULL, rate:10
2026-01-13 16:49:04, EXEC, v:1, k:poo@cofre, mode:FULL, rate:20, size:182
2026-01-13 16:50:00, MOVE, v:1, k:poo@cofre, mode:BACK
2026-01-13 16:50:11, MOVE, v:1, k:poo@cofre, mode:PICK
2026-01-13 16:50:11, EXEC, v:1, k:poo@cofre, mode:FULL, rate:10, size:182
2026-01-13 16:50:13, MOVE, v:1, k:poo@cofre, mode:BACK
2026-01-13 16:53:37, MOVE, v:1, k:poo@cofre, mode:PICK
2026-01-13 16:53:37, EXEC, v:1, k:poo@cofre, mode:FULL, rate:10, size:193
2026-01-13 16:53:39, MOVE, v:1, k:poo@cofre, mode:BACK
2026-01-13 16:54:39, MOVE, v:1, k:poo@cofre, mode:PICK
2026-01-13 16:54:40, EXEC, v:1, k:poo@cofre, mode:FULL, rate:10, size:193
2026-01-13 16:55:09, EXEC, v:1, k:poo@cofre, mode:FULL, rate:0, size:193
2026-01-13 16:55:10, EXEC, v:1, k:poo@cofre, mode:FULL, rate:0
2026-01-13 16:55:14, MOVE, v:1, k:poo@cofre, mode:BACK
2026-01-13 16:55:54, MOVE, v:1, k:poo@cofre, mode:PICK
2026-01-13 16:55:55, EXEC, v:1, k:poo@cofre, mode:FULL, rate:60, size:193
2026-01-13 16:55:58, MOVE, v:1, k:poo@cofre, mode:BACK
2026-01-13 16:57:32, MOVE, v:1, k:poo@cofre, mode:PICK
2026-01-13 16:57:32, EXEC, v:1, k:poo@cofre, mode:FULL, rate:70, size:192
2026-01-13 17:00:05, EXEC, v:1, k:poo@cofre, mode:FULL, rate:100, size:195
2026-01-13 17:00:11, MOVE, v:1, k:poo@cofre, mode:BACK
2026-01-13 17:02:17, SELF, v:1, k:poo@cofre, rate:100, guide:vi_videos_no_youtube_sobre_o_assunto, other:vi_discussoes_sobre_o_assunto_em_foruns, alone:8, study:400
