2026-01-16 11:03:00, MOVE, v:1, k:poo@porquinho, mode:PICK
2026-01-16 11:03:01, EXEC, v:1, k:poo@porquinho, mode:FULL, rate:0
2026-01-16 11:03:02, MOVE, v:1, k:poo@porquinho, mode:BACK
2026-01-16 12:05:05, MOVE, v:1, k:poo@porquinho, mode:PICK
2026-01-16 12:05:07, EXEC, v:1, k:poo@porquinho, mode:FULL, rate:0, size:118
2026-01-16 12:05:10, MOVE, v:1, k:poo@porquinho, mode:BACK
2026-01-16 12:05:18, MOVE, v:1, k:poo@cofre, mode:PICK
2026-01-16 12:05:18, EXEC, v:1, k:poo@cofre, mode:FULL, rate:100, size:190
2026-01-16 12:05:20, MOVE, v:1, k:poo@cofre, mode:BACK
2026-01-16 12:11:24, MOVE, v:1, k:poo@porquinho, mode:PICK
2026-01-16 12:11:25, EXEC, v:1, k:poo@porquinho, mode:FULL, rate:0, size:118
2026-01-16 12:11:26, MOVE, v:1, k:poo@porquinho, mode:BACK
2026-01-16 12:12:30, MOVE, v:1, k:poo@porquinho, mode:PICK
2026-01-16 12:12:31, EXEC, v:1, k:poo@porquinho, mode:FULL, rate:0, size:96
2026-01-16 12:12:33, MOVE, v:1, k:poo@porquinho, mode:BACK
2026-01-16 12:16:50, MOVE, v:1, k:poo@porquinho, mode:PICK
2026-01-16 12:16:50, EXEC, v:1, k:poo@porquinho, mode:FULL, rate:0, size:121
2026-01-16 12:16:51, MOVE, v:1, k:poo@porquinho, mode:BACK
2026-01-16 12:29:50, MOVE, v:1, k:poo@porquinho, mode:PICK
2026-01-16 12:29:51, EXEC, v:1, k:poo@porquinho, mode:FULL, rate:0, size:142
2026-01-16 12:29:54, MOVE, v:1, k:poo@porquinho, mode:BACK
2026-01-16 12:36:13, MOVE, v:1, k:poo@porquinho, mode:PICK
2026-01-16 12:36:14, EXEC, v:1, k:poo@porquinho, mode:FULL, rate:0, size:143
2026-01-16 12:36:48, EXEC, v:1, k:poo@porquinho, mode:FULL, rate:10, size:143
2026-01-16 12:40:05, EXEC, v:1, k:poo@porquinho, mode:FULL, rate:20, size:143
2026-01-16 12:40:07, MOVE, v:1, k:poo@porquinho, mode:BACK
2026-01-16 12:40:21, MOVE, v:1, k:poo@porquinho, mode:PICK
2026-01-16 12:40:22, EXEC, v:1, k:poo@porquinho, mode:FULL, rate:10, size:143
2026-01-16 12:40:23, MOVE, v:1, k:poo@porquinho, mode:BACK
2026-01-16 12:41:12, MOVE, v:1, k:poo@porquinho, mode:PICK
2026-01-16 12:41:13, EXEC, v:1, k:poo@porquinho, mode:FULL, rate:20, size:136
2026-01-16 12:41:15, MOVE, v:1, k:poo@porquinho, mode:BACK
2026-01-16 12:42:22, MOVE, v:1, k:poo@porquinho, mode:PICK
2026-01-16 12:42:24, EXEC, v:1, k:poo@porquinho, mode:FULL, rate:20, size:156
2026-01-16 12:42:34, EXEC, v:1, k:poo@porquinho, mode:FULL, rate:20, size:163
2026-01-16 12:42:55, EXEC, v:1, k:poo@porquinho, mode:FULL, rate:30, size:163
2026-01-16 12:42:58, MOVE, v:1, k:poo@porquinho, mode:BACK
2026-01-16 12:43:25, MOVE, v:1, k:poo@porquinho, mode:PICK
2026-01-16 12:43:26, EXEC, v:1, k:poo@porquinho, mode:FULL, rate:30, size:163
2026-01-16 12:43:28, MOVE, v:1, k:poo@porquinho, mode:BACK
2026-01-16 12:43:47, MOVE, v:1, k:poo@porquinho, mode:PICK
2026-01-16 12:43:50, EXEC, v:1, k:poo@porquinho, mode:FULL, rate:40, size:163
2026-01-16 12:43:58, MOVE, v:1, k:poo@porquinho, mode:BACK
2026-01-16 12:44:09, MOVE, v:1, k:poo@porquinho, mode:PICK
2026-01-16 12:44:10, EXEC, v:1, k:poo@porquinho, mode:FULL, rate:100, size:163
2026-01-16 12:44:13, MOVE, v:1, k:poo@porquinho, mode:BACK
2026-01-16 12:44:17, MOVE, v:1, k:poo@porquinho, mode:PICK
2026-01-16 12:44:17, EXEC, v:1, k:poo@porquinho, mode:FULL, rate:100
2026-01-16 12:45:02, MOVE, v:1, k:poo@porquinho, mode:BACK
2026-01-16 12:47:19, SELF, v:1, k:poo@porquinho, rate:100, guide:videos_do_assunto_no__youtube, other:discussoes_sobre_o_assunto_em_foruns, alone:8, study:200
2026-01-16 12:47:32, MOVE, v:1, k:poo@petshop, mode:DOWN
2026-01-16 12:47:37, MOVE, v:1, k:poo@petshop, mode:PICK
2026-01-16 12:47:38, EXEC, v:1, k:poo@petshop, mode:FULL, rate:0, size:0
2026-01-16 12:47:40, MOVE, v:1, k:poo@petshop, mode:BACK
2026-01-16 12:48:20, MOVE, v:1, k:poo@petshop, mode:PICK
2026-01-16 12:48:20, EXEC, v:1, k:poo@petshop, mode:FULL, rate:0
2026-01-16 12:48:22, MOVE, v:1, k:poo@petshop, mode:BACK
2026-01-16 12:48:29, SELF, v:1, k:poo@petshop
2026-01-16 12:53:38, MOVE, v:1, k:poo@petshop, mode:PICK
2026-01-16 12:53:39, EXEC, v:1, k:poo@petshop, mode:FULL, rate:0, size:1
2026-01-16 12:53:41, MOVE, v:1, k:poo@petshop, mode:BACK
2026-01-16 13:28:36, MOVE, v:1, k:poo@petshop, mode:PICK
2026-01-16 13:28:36, EXEC, v:1, k:poo@petshop, mode:FULL, rate:0, size:133
2026-01-16 13:28:37, MOVE, v:1, k:poo@petshop, mode:BACK
2026-01-16 13:35:28, MOVE, v:1, k:poo@petshop, mode:PICK
2026-01-16 13:35:29, EXEC, v:1, k:poo@petshop, mode:FULL, rate:0, size:110
2026-01-16 13:35:31, MOVE, v:1, k:poo@petshop, mode:BACK
2026-01-16 14:01:48, MOVE, v:1, k:poo@petshop, mode:PICK
2026-01-16 14:01:49, EXEC, v:1, k:poo@petshop, mode:FULL, rate:0, size:118
2026-01-16 14:01:50, MOVE, v:1, k:poo@petshop, mode:BACK
