2025-10-26 11:12:16, MOVE, v:1, k:poo@motoca, mode:PICK
2025-10-26 11:12:52, MOVE, v:1, k:poo@motoca, mode:BACK
2025-10-26 11:19:26, MOVE, v:1, k:poo@motoca, mode:PICK
2025-10-26 11:19:28, EXEC, v:1, k:poo@motoca, mode:FREE, size:3
2025-10-26 11:19:51, MOVE, v:1, k:poo@motoca, mode:BACK
2025-10-26 11:58:16, MOVE, v:1, k:poo@motoca, mode:PICK
2025-10-26 11:58:19, EXEC, v:1, k:poo@motoca, mode:FREE, size:48
2025-10-26 12:14:17, MOVE, v:1, k:poo@notebook, mode:PICK
2025-10-26 12:14:22, EXEC, v:1, k:poo@notebook, mode:FREE, size:151
2025-10-26 12:14:45, MOVE, v:1, k:poo@notebook, mode:BACK
2025-10-26 12:40:36, MOVE, v:1, k:poo@motoca, mode:PICK
2025-10-26 12:40:38, EXEC, v:1, k:poo@motoca, mode:FREE, size:80
2025-10-26 12:41:15, MOVE, v:1, k:poo@motoca, mode:BACK
2025-10-26 13:09:07, MOVE, v:1, k:poo@motoca, mode:PICK
2025-10-26 13:09:08, EXEC, v:1, k:poo@motoca, mode:FULL, rate:0, size:94
2025-10-26 13:10:05, MOVE, v:1, k:poo@motoca, mode:PICK
2025-10-26 13:10:06, EXEC, v:1, k:poo@motoca, mode:FULL, rate:0
2025-10-26 13:11:16, EXEC, v:1, k:poo@motoca, mode:FULL, rate:0, size:94
2025-10-26 13:12:09, EXEC, v:1, k:poo@motoca, mode:FULL, rate:86, size:101
2025-10-26 13:13:23, MOVE, v:1, k:poo@motoca, mode:PICK
2025-10-26 13:13:27, EXEC, v:1, k:poo@motoca, mode:FULL, rate:86
2025-10-26 13:15:06, EXEC, v:1, k:poo@motoca, mode:FULL, rate:86, size:101
2025-10-26 13:19:19, EXEC, v:1, k:poo@motoca, mode:FULL, rate:100, size:99
2025-10-26 13:19:30, MOVE, v:1, k:poo@motoca, mode:BACK
2025-10-26 13:21:08, SELF, v:1, k:poo@motoca, rate:100, iagen:pra_tentar_me_ajudar_a_achar_meus_erros, guide:video_da_aula_gravada_pelo_professor, alone:6, study:240
2025-10-26 13:21:24, SELF, v:1, k:poo@notebook, rate:60, iagen:gpt_pra_tirar_duvidas, alone:6, study:180
2025-10-26 13:22:38, SELF, v:1, k:poo@motoca, rate:100, iagen:pra_tentar_me_ajudar_a_achar_meus_erros, guide:video_da_aula_gravada_pelo_professor, alone:6, study:180
