2025-12-01 00:04:52, MOVE, v:1, k:poo@contato, mode:PICK
2025-12-01 00:04:53, EXEC, v:1, k:poo@contato, mode:FULL, rate:0, size:47
2025-12-01 00:07:53, EXEC, v:1, k:poo@contato, mode:FULL, rate:20, size:55
2025-12-01 00:07:56, MOVE, v:1, k:poo@contato, mode:BACK
2025-12-01 00:10:58, MOVE, v:1, k:poo@contato, mode:PICK
2025-12-01 00:10:59, EXEC, v:1, k:poo@contato, mode:FULL, rate:20, size:61
2025-12-01 00:11:03, MOVE, v:1, k:poo@contato, mode:BACK
2025-12-01 00:16:39, MOVE, v:1, k:poo@contato, mode:PICK
2025-12-01 00:16:40, EXEC, v:1, k:poo@contato, mode:FULL, rate:20, size:69
2025-12-01 00:16:43, MOVE, v:1, k:poo@contato, mode:BACK
2025-12-01 00:17:27, MOVE, v:1, k:poo@contato, mode:PICK
2025-12-01 00:17:28, EXEC, v:1, k:poo@contato, mode:FULL, rate:20, size:72
2025-12-01 00:17:30, MOVE, v:1, k:poo@contato, mode:BACK
2025-12-01 00:19:56, MOVE, v:1, k:poo@contato, mode:PICK
2025-12-01 00:19:57, EXEC, v:1, k:poo@contato, mode:FULL, rate:20, size:75
2025-12-01 00:20:07, MOVE, v:1, k:poo@contato, mode:BACK
2025-12-01 00:20:25, MOVE, v:1, k:poo@contato, mode:PICK
2025-12-01 00:20:26, EXEC, v:1, k:poo@contato, mode:FULL, rate:20, size:78
2025-12-01 00:20:28, MOVE, v:1, k:poo@contato, mode:BACK
2025-12-01 00:23:59, MOVE, v:1, k:poo@contato, mode:PICK
2025-12-01 00:24:00, EXEC, v:1, k:poo@contato, mode:FULL, rate:20, size:83
2025-12-01 00:24:02, MOVE, v:1, k:poo@contato, mode:BACK
2025-12-01 00:24:06, MOVE, v:1, k:poo@contato, mode:PICK
2025-12-01 00:24:07, EXEC, v:1, k:poo@contato, mode:FULL, rate:20
2025-12-01 00:24:39, EXEC, v:1, k:poo@contato, mode:FULL, rate:20, size:84
2025-12-01 00:24:42, MOVE, v:1, k:poo@contato, mode:BACK
2025-12-01 00:25:10, MOVE, v:1, k:poo@contato, mode:PICK
2025-12-01 00:25:11, EXEC, v:1, k:poo@contato, mode:FULL, rate:20
2025-12-01 00:25:13, MOVE, v:1, k:poo@contato, mode:BACK
2025-12-01 00:26:43, MOVE, v:1, k:poo@contato, mode:PICK
2025-12-01 00:26:44, EXEC, v:1, k:poo@contato, mode:FULL, rate:60, size:85
2025-12-01 00:29:16, EXEC, v:1, k:poo@contato, mode:FULL, rate:100, size:85
2025-12-01 00:29:37, EXEC, v:1, k:poo@contato, mode:FULL, rate:100, size:85
2025-12-01 00:29:38, MOVE, v:1, k:poo@contato, mode:BACK
2025-12-01 00:29:51, MOVE, v:1, k:poo@contato, mode:PICK
2025-12-01 00:29:52, EXEC, v:1, k:poo@contato, mode:FULL, rate:100
2025-12-01 00:30:05, MOVE, v:1, k:poo@contato, mode:BACK
2025-12-01 00:31:01, SELF, v:1, k:poo@contato, rate:100, human:amigo, iagen:encontrar_alguns_erros, alone:7, study:300
